<?xml version='1.0' encoding='UTF-8' ?>
<testsuite name="lk.ac.mrt.cse.dbs.simpleexpensemanager.ApplicationTest" tests="2" failures="0" errors="0" skipped="0" time="0.181" timestamp="2022-05-17T17:51:58" hostname="localhost">
  <properties>
    <property name="device" value="SM-J400F - 10" />
    <property name="flavor" value="" />
    <property name="project" value="app" />
  </properties>
  <testcase name="testAddTransactions" classname="lk.ac.mrt.cse.dbs.simpleexpensemanager.ApplicationTest" time="0.008" />
  <testcase name="testAddAccount" classname="lk.ac.mrt.cse.dbs.simpleexpensemanager.ApplicationTest" time="0.001" />
</testsuite>